#
# There is insufficient memory for the Java Runtime Environment to continue.
# Native memory allocation (malloc) failed to allocate 106528 bytes for Chunk::new
# Possible reasons:
#   The system is out of physical RAM or swap space
#   The process is running with CompressedOops enabled, and the Java Heap may be blocking the growth of the native heap
# Possible solutions:
#   Reduce memory load on the system
#   Increase physical memory or swap space
#   Check if swap backing store is full
#   Decrease Java heap size (-Xmx/-Xms)
#   Decrease number of Java threads
#   Decrease Java thread stack sizes (-Xss)
#   Set larger code cache with -XX:ReservedCodeCacheSize=
#   JVM is running with Zero Based Compressed Oops mode in which the Java heap is
#     placed in the first 32GB address space. The Java Heap base address is the
#     maximum limit for the native heap growth. Please use -XX:HeapBaseMinAddress
#     to set the Java Heap base and to place the Java Heap above 32GB virtual address.
# This output file may be truncated or incomplete.
#
#  Out of Memory Error (t:/workspace/open/src/hotspot/share/memory/arena.cpp:196), pid=21712, tid=19392
#
# JRE version: Java(TM) SE Runtime Environment (13.0+33) (build 13+33)
# Java VM: Java HotSpot(TM) 64-Bit Server VM (13+33, mixed mode, sharing, tiered, compressed oops, g1 gc, windows-amd64)
# No core dump will be written. Minidumps are not enabled by default on client versions of Windows
#

---------------  S U M M A R Y ------------

Command Line: -Denv.class.path=. -Dapplication.home=C:\Program Files\Java\jdk-13 --add-modules=ALL-DEFAULT -Xms8m -Djdk.module.main=jdk.compiler jdk.compiler/com.sun.tools.javac.Main -d C:\Users\Eva\Desktop\Ciclo\2_DAM\Acceso_datos\Tema2\EmpresaDepartamentos\build\classes -classpath C:\Users\Eva\Desktop\Ciclo\2_DAM\Acceso_datos\Tema2\EmpresaDepartamentos\build\classes;C:\Users\Eva\Desktop\Ciclo\Ejecutables\mysql-connector-java-8.0.22\mysql-connector-java-8.0.22\mysql-connector-java-8.0.22.jar -sourcepath C:\Users\Eva\Desktop\Ciclo\2_DAM\Acceso_datos\Tema2\EmpresaDepartamentos\src -target 13 -encoding UTF-8 -g -processorpath C:\Users\Eva\Desktop\Ciclo\Ejecutables\mysql-connector-java-8.0.22\mysql-connector-java-8.0.22\mysql-connector-java-8.0.22.jar;C:\Users\Eva\Desktop\Ciclo\2_DAM\Acceso_datos\Tema2\EmpresaDepartamentos\build\empty -s C:\Users\Eva\Desktop\Ciclo\2_DAM\Acceso_datos\Tema2\EmpresaDepartamentos\build\generated-sources\ap-source-output -source 13 C:\Users\Eva\Desktop\Ciclo\2_DAM\Acceso_datos\Tema2\EmpresaDepartamentos\src\principal\Principal.java

Host: AMD FX(tm)-8350 Eight-Core Processor           , 8 cores, 23G,  Windows 10 , 64 bit Build 18362 (10.0.18362.1110)
Time: Tue Nov 17 23:50:40 2020 Hora estándar romance elapsed time: 0 seconds (0d 0h 0m 0s)

---------------  T H R E A D  ---------------

Current thread (0x000001eafbb1b000):  JavaThread "C2 CompilerThread0" daemon [_thread_in_native, id=19392, stack(0x000000b34f800000,0x000000b34f900000)]


Current CompileTask:
C2:    304  516       4       java.lang.StringLatin1::replace (198 bytes)

Stack: [0x000000b34f800000,0x000000b34f900000]
Native frames: (J=compiled Java code, j=interpreted, Vv=VM code, C=native code)
V  [jvm.dll+0x626eaa]
V  [jvm.dll+0x772c4a]
V  [jvm.dll+0x7743ff]
V  [jvm.dll+0x774a03]
V  [jvm.dll+0x24da38]
V  [jvm.dll+0xc3ae7]
V  [jvm.dll+0xc406c]
V  [jvm.dll+0x35de55]
V  [jvm.dll+0x329573]
V  [jvm.dll+0x32894a]
V  [jvm.dll+0x2078c7]
V  [jvm.dll+0x206adf]
V  [jvm.dll+0x18b94c]
V  [jvm.dll+0x2159bd]
V  [jvm.dll+0x213e6b]
V  [jvm.dll+0x738af6]
V  [jvm.dll+0x731bea]
V  [jvm.dll+0x6260a6]
C  [ucrtbase.dll+0x210b2]
C  [KERNEL32.DLL+0x17c24]
C  [ntdll.dll+0x6d4d1]


---------------  P R O C E S S  ---------------

Threads class SMR info:
_java_thread_list=0x000001eafcbc5b80, length=10, elements={
0x000001ead3831000, 0x000001eafbaf3000, 0x000001eafbaf8000, 0x000001eafbb17000,
0x000001eafbb1a000, 0x000001eafbb1b000, 0x000001eafbb1c000, 0x000001eafbb27000,
0x000001eafcbbd800, 0x000001eafcc0a000
}

Java Threads: ( => current thread )
  0x000001ead3831000 JavaThread "main" [_thread_blocked, id=20920, stack(0x000000b34ed00000,0x000000b34ee00000)]
  0x000001eafbaf3000 JavaThread "Reference Handler" daemon [_thread_blocked, id=21384, stack(0x000000b34f400000,0x000000b34f500000)]
  0x000001eafbaf8000 JavaThread "Finalizer" daemon [_thread_blocked, id=15392, stack(0x000000b34f500000,0x000000b34f600000)]
  0x000001eafbb17000 JavaThread "Signal Dispatcher" daemon [_thread_blocked, id=13404, stack(0x000000b34f600000,0x000000b34f700000)]
  0x000001eafbb1a000 JavaThread "Attach Listener" daemon [_thread_blocked, id=16868, stack(0x000000b34f700000,0x000000b34f800000)]
=>0x000001eafbb1b000 JavaThread "C2 CompilerThread0" daemon [_thread_in_native, id=19392, stack(0x000000b34f800000,0x000000b34f900000)]
  0x000001eafbb1c000 JavaThread "C1 CompilerThread0" daemon [_thread_blocked, id=22136, stack(0x000000b34f900000,0x000000b34fa00000)]
  0x000001eafbb27000 JavaThread "Sweeper thread" daemon [_thread_blocked, id=18884, stack(0x000000b34fa00000,0x000000b34fb00000)]
  0x000001eafcbbd800 JavaThread "Common-Cleaner" daemon [_thread_blocked, id=19452, stack(0x000000b34fb00000,0x000000b34fc00000)]
  0x000001eafcc0a000 JavaThread "Service Thread" daemon [_thread_blocked, id=17104, stack(0x000000b34fc00000,0x000000b34fd00000)]

Other Threads:
  0x000001eafbaf1800 VMThread "VM Thread" [stack: 0x000000b34f300000,0x000000b34f400000] [id=21572]
  0x000001eafcc0b000 WatcherThread [stack: 0x000000b34fd00000,0x000000b34fe00000] [id=20876]
  0x000001ead38c0000 GCTaskThread "GC Thread#0" [stack: 0x000000b34ee00000,0x000000b34ef00000] [id=16044]
  0x000001eafcdaa800 GCTaskThread "GC Thread#1" [stack: 0x000000b34fe00000,0x000000b34ff00000] [id=15600]
  0x000001ead38f3000 ConcurrentGCThread "G1 Main Marker" [stack: 0x000000b34ef00000,0x000000b34f000000] [id=5532]
  0x000001ead38f4000 ConcurrentGCThread "G1 Conc#0" [stack: 0x000000b34f000000,0x000000b34f100000] [id=17632]
  0x000001eafec9c000 ConcurrentGCThread "G1 Conc#1" [stack: 0x000000b34ff00000,0x000000b350000000] [id=16116]
  0x000001eafb964800 ConcurrentGCThread "G1 Refine#0" [stack: 0x000000b34f100000,0x000000b34f200000] [id=18708]
  0x000001eafb966800 ConcurrentGCThread "G1 Young RemSet Sampling" [stack: 0x000000b34f200000,0x000000b34f300000] [id=22152]

Threads with active compile tasks:
C2 CompilerThread0      322  516       4       java.lang.StringLatin1::replace (198 bytes)

VM state:at safepoint (normal execution)

VM Mutex/Monitor currently owned by a thread:  ([mutex/lock_event])
[0x000001ead382d7f0] Threads_lock - owner thread: 0x000001eafbaf1800
[0x000001ead382df40] Heap_lock - owner thread: 0x000001ead3831000

Heap address: 0x0000000680000000, size: 6144 MB, Compressed Oops mode: Zero based, Oop shift amount: 3
Narrow klass base: 0x0000000800000000, Narrow klass shift: 3
Compressed class space size: 1073741824 Address: 0x0000000800b40000

Heap:
 garbage-first heap   total 8192K, used 1713K [0x0000000680000000, 0x0000000800000000)
  region size 1024K, 1 young (1024K), 1 survivors (1024K)
 Metaspace       used 4785K, capacity 8318K, committed 8448K, reserved 1079296K
  class space    used 607K, capacity 950K, committed 1024K, reserved 1048576K
Heap Regions: E=young(eden), S=young(survivor), O=old, HS=humongous(starts), HC=humongous(continues), CS=collection set, F=free, A=archive, TAMS=top-at-mark-start (previous, next)
|   0|0x0000000680000000, 0x0000000680100000, 0x0000000680100000|100%| O|  |TAMS 0x0000000680000000, 0x0000000680100000| Untracked 
|   1|0x0000000680100000, 0x0000000680123e00, 0x0000000680200000| 14%| O|  |TAMS 0x0000000680100000, 0x0000000680123e00| Untracked 
|   2|0x0000000680200000, 0x0000000680200000, 0x0000000680300000|  0%| F|  |TAMS 0x0000000680200000, 0x0000000680200000| Untracked 
|   3|0x0000000680300000, 0x0000000680300000, 0x0000000680400000|  0%| F|  |TAMS 0x0000000680300000, 0x0000000680300000| Untracked 
|   4|0x0000000680400000, 0x0000000680400000, 0x0000000680500000|  0%| F|  |TAMS 0x0000000680400000, 0x0000000680400000| Untracked 
|   5|0x0000000680500000, 0x0000000680588780, 0x0000000680600000| 53%| S|CS|TAMS 0x0000000680500000, 0x0000000680500000| Complete 
|   6|0x0000000680600000, 0x0000000680600000, 0x0000000680700000|  0%| F|  |TAMS 0x0000000680600000, 0x0000000680600000| Untracked 
|   7|0x0000000680700000, 0x0000000680700000, 0x0000000680800000|  0%| F|  |TAMS 0x0000000680700000, 0x0000000680700000| Untracked 

Card table byte_map: [0x000001eaebd80000,0x000001eaec980000] _byte_map_base: 0x000001eae8980000

Marking Bits (Prev, Next): (CMBitMap*) 0x000001ead38c1ab8, (CMBitMap*) 0x000001ead38c1af8
 Prev Bits: [0x000001eaed580000, 0x000001eaf3580000)
 Next Bits: [0x000001eaf3580000, 0x000001eaf9580000)

Polling page: 0x000001ead3000000

Metaspace:

Usage:
  Non-class:      7.20 MB capacity,     4.08 MB ( 57%) used,     3.10 MB ( 43%) free+waste,    10.69 KB ( <1%) overhead. 
      Class:    950.00 KB capacity,   607.75 KB ( 64%) used,   336.38 KB ( 35%) free+waste,     5.88 KB ( <1%) overhead. 
       Both:      8.12 MB capacity,     4.67 MB ( 58%) used,     3.43 MB ( 42%) free+waste,    16.56 KB ( <1%) overhead. 

Virtual space:
  Non-class space:       30.00 MB reserved,       7.25 MB ( 24%) committed 
      Class space:        1.00 GB reserved,       1.00 MB ( <1%) committed 
             Both:        1.03 GB reserved,       8.25 MB ( <1%) committed 

Chunk freelists:
   Non-Class:  56.00 KB
       Class:  10.00 KB
        Both:  66.00 KB

MaxMetaspaceSize: 17179869184.00 GB
CompressedClassSpaceSize: 1.00 GB

CodeHeap 'non-profiled nmethods': size=120000Kb used=170Kb max_used=170Kb free=119829Kb
 bounds [0x000001eae3800000, 0x000001eae3a70000, 0x000001eaead30000]
CodeHeap 'profiled nmethods': size=120000Kb used=816Kb max_used=816Kb free=119184Kb
 bounds [0x000001eadc2d0000, 0x000001eadc540000, 0x000001eae3800000]
CodeHeap 'non-nmethods': size=5760Kb used=1139Kb max_used=1147Kb free=4620Kb
 bounds [0x000001eadbd30000, 0x000001eadbfa0000, 0x000001eadc2d0000]
 total_blobs=1284 nmethods=530 adapters=291
 compilation: enabled
              stopped_count=0, restarted_count=0
 full_count=0

Compilation events (20 events):
Event: 0.286 Thread 0x000001eafbb1c000 nmethod 513 0x000001eadc38ad90 code [0x000001eadc38af40, 0x000001eadc38b0f8]
Event: 0.292 Thread 0x000001eafbb1c000  514       3       java.util.HashSet::contains (9 bytes)
Event: 0.293 Thread 0x000001eafbb1c000 nmethod 514 0x000001eadc38b190 code [0x000001eadc38b340, 0x000001eadc38b5b0]
Event: 0.295 Thread 0x000001eafbb1c000  515   !   3       jdk.internal.jimage.BasicImageReader::readBuffer (238 bytes)
Event: 0.296 Thread 0x000001eafbb1b000  516       4       java.lang.StringLatin1::replace (198 bytes)
Event: 0.297 Thread 0x000001eafbb1c000 nmethod 515 0x000001eadc38b690 code [0x000001eadc38ba00, 0x000001eadc38d0e0]
Event: 0.297 Thread 0x000001eafbb1c000  523       3       sun.net.util.URLUtil::urlNoFragString (114 bytes)
Event: 0.298 Thread 0x000001eafbb1c000 nmethod 523 0x000001eadc38d890 code [0x000001eadc38dbe0, 0x000001eadc38ef10]
Event: 0.298 Thread 0x000001eafbb1c000  517   !   3       java.lang.ClassLoader::checkCerts (198 bytes)
Event: 0.299 Thread 0x000001eafbb1c000 nmethod 517 0x000001eadc38f590 code [0x000001eadc38f900, 0x000001eadc3910d0]
Event: 0.299 Thread 0x000001eafbb1c000  524       3       java.security.CodeSource::matchCerts (254 bytes)
Event: 0.300 Thread 0x000001eafbb1c000 nmethod 524 0x000001eadc391890 code [0x000001eadc391ae0, 0x000001eadc392720]
Event: 0.300 Thread 0x000001eafbb1c000  519       3       java.lang.ClassLoader::getNamedPackage (73 bytes)
Event: 0.300 Thread 0x000001eafbb1c000 nmethod 519 0x000001eadc392b10 code [0x000001eadc392d00, 0x000001eadc393310]
Event: 0.300 Thread 0x000001eafbb1c000  520       3       jdk.internal.module.SystemModuleFinders$SystemModuleReader::release (10 bytes)
Event: 0.300 Thread 0x000001eafbb1c000 nmethod 520 0x000001eadc393510 code [0x000001eadc393700, 0x000001eadc393c00]
Event: 0.300 Thread 0x000001eafbb1c000  521       3       jdk.internal.jimage.ImageReader::releaseByteBuffer (5 bytes)
Event: 0.301 Thread 0x000001eafbb1c000 nmethod 521 0x000001eadc393d90 code [0x000001eadc393f60, 0x000001eadc394270]
Event: 0.301 Thread 0x000001eafbb1c000  522       3       jdk.internal.jimage.BasicImageReader::releaseByteBuffer (16 bytes)
Event: 0.301 Thread 0x000001eafbb1c000 nmethod 522 0x000001eadc394390 code [0x000001eadc394540, 0x000001eadc3947f0]

GC Heap History (4 events):
Event: 0.220 GC heap before
{Heap before GC invocations=0 (full 0):
 garbage-first heap   total 8192K, used 3072K [0x0000000680000000, 0x0000000800000000)
  region size 1024K, 3 young (3072K), 0 survivors (0K)
 Metaspace       used 2337K, capacity 6016K, committed 6144K, reserved 1056768K
  class space    used 278K, capacity 651K, committed 768K, reserved 1048576K
}
Event: 0.223 GC heap after
{Heap after GC invocations=1 (full 0):
 garbage-first heap   total 8192K, used 1154K [0x0000000680000000, 0x0000000800000000)
  region size 1024K, 1 young (1024K), 1 survivors (1024K)
 Metaspace       used 2337K, capacity 6016K, committed 6144K, reserved 1056768K
  class space    used 278K, capacity 651K, committed 768K, reserved 1048576K
}
Event: 0.275 GC heap before
{Heap before GC invocations=1 (full 0):
 garbage-first heap   total 8192K, used 2178K [0x0000000680000000, 0x0000000800000000)
  region size 1024K, 2 young (2048K), 1 survivors (1024K)
 Metaspace       used 3741K, capacity 7302K, committed 7552K, reserved 1058816K
  class space    used 501K, capacity 845K, committed 896K, reserved 1048576K
}
Event: 0.278 GC heap after
{Heap after GC invocations=2 (full 0):
 garbage-first heap   total 8192K, used 1697K [0x0000000680000000, 0x0000000800000000)
  region size 1024K, 1 young (1024K), 1 survivors (1024K)
 Metaspace       used 3741K, capacity 7302K, committed 7552K, reserved 1058816K
  class space    used 501K, capacity 845K, committed 896K, reserved 1048576K
}

Deoptimization events (12 events):
Event: 0.163 Thread 0x000001ead3831000 Uncommon trap: trap_request=0xffffffde fr.pc=0x000001eae380e334 relative=0x00000000000004b4
Event: 0.163 Thread 0x000001ead3831000 Uncommon trap: reason=class_check action=maybe_recompile pc=0x000001eae380e334 method=java.util.HashMap.putVal(ILjava/lang/Object;Ljava/lang/Object;ZZ)Ljava/lang/Object; @ 253 c2
Event: 0.163 Thread 0x000001ead3831000 DEOPT PACKING pc=0x000001eae380e334 sp=0x000000b34edff080
Event: 0.163 Thread 0x000001ead3831000 DEOPT UNPACKING pc=0x000001eadbd7942f sp=0x000000b34edff010 mode 2
Event: 0.163 Thread 0x000001ead3831000 Uncommon trap: trap_request=0xffffff45 fr.pc=0x000001eae380e698 relative=0x0000000000000818
Event: 0.163 Thread 0x000001ead3831000 Uncommon trap: reason=unstable_if action=reinterpret pc=0x000001eae380e698 method=java.util.HashMap.putVal(ILjava/lang/Object;Ljava/lang/Object;ZZ)Ljava/lang/Object; @ 181 c2
Event: 0.163 Thread 0x000001ead3831000 DEOPT PACKING pc=0x000001eae380e698 sp=0x000000b34edff080
Event: 0.163 Thread 0x000001ead3831000 DEOPT UNPACKING pc=0x000001eadbd7942f sp=0x000000b34edff010 mode 2
Event: 0.197 Thread 0x000001ead3831000 Uncommon trap: trap_request=0xffffff45 fr.pc=0x000001eae3811b10 relative=0x0000000000000070
Event: 0.197 Thread 0x000001ead3831000 Uncommon trap: reason=unstable_if action=reinterpret pc=0x000001eae3811b10 method=java.nio.Buffer.hasRemaining()Z @ 8 c2
Event: 0.197 Thread 0x000001ead3831000 DEOPT PACKING pc=0x000001eae3811b10 sp=0x000000b34edfe6f0
Event: 0.197 Thread 0x000001ead3831000 DEOPT UNPACKING pc=0x000001eadbd7942f sp=0x000000b34edfe688 mode 2

Classes unloaded (0 events):
No events

Classes redefined (0 events):
No events

Internal exceptions (8 events):
Event: 0.185 Thread 0x000001ead3831000 Exception <a 'java/lang/NoSuchMethodError'{0x0000000680560570}: 'java.lang.Object java.lang.invoke.DirectMethodHandle$Holder.invokeVirtual(java.lang.Object, java.lang.Object, java.lang.Object)'> (0x0000000680560570) 
thrown [t:/workspace/open/src/hotspot/share/interpreter/linkResolver.cpp, line 767]
Event: 0.188 Thread 0x000001ead3831000 Exception <a 'java/lang/NoSuchMethodError'{0x000000068056b200}: 'int java.lang.invoke.DirectMethodHandle$Holder.invokeInterface(java.lang.Object, java.lang.Object)'> (0x000000068056b200) 
thrown [t:/workspace/open/src/hotspot/share/interpreter/linkResolver.cpp, line 767]
Event: 0.207 Thread 0x000001ead3831000 Exception <a 'sun/nio/fs/WindowsException'{0x00000006805c2d18}> (0x00000006805c2d18) 
thrown [t:/workspace/open/src/hotspot/share/prims/jni.cpp, line 598]
Event: 0.208 Thread 0x000001ead3831000 Exception <a 'sun/nio/fs/WindowsException'{0x00000006805c3590}> (0x00000006805c3590) 
thrown [t:/workspace/open/src/hotspot/share/prims/jni.cpp, line 598]
Event: 0.208 Thread 0x000001ead3831000 Exception <a 'sun/nio/fs/WindowsException'{0x00000006805c4308}> (0x00000006805c4308) 
thrown [t:/workspace/open/src/hotspot/share/prims/jni.cpp, line 598]
Event: 0.208 Thread 0x000001ead3831000 Exception <a 'sun/nio/fs/WindowsException'{0x00000006805c4680}> (0x00000006805c4680) 
thrown [t:/workspace/open/src/hotspot/share/prims/jni.cpp, line 598]
Event: 0.209 Thread 0x000001ead3831000 Exception <a 'java/lang/NoSuchMethodError'{0x00000006805cb8f8}: 'int java.lang.invoke.DirectMethodHandle$Holder.invokeVirtual(java.lang.Object, java.lang.Object, java.lang.Object)'> (0x00000006805cb8f8) 
thrown [t:/workspace/open/src/hotspot/share/interpreter/linkResolver.cpp, line 767]
Event: 0.286 Thread 0x000001ead3831000 Exception <a 'java/lang/NoSuchMethodError'{0x0000000680715b98}: 'int java.lang.invoke.DirectMethodHandle$Holder.invokeStaticInit(java.lang.Object, java.lang.Object)'> (0x0000000680715b98) 
thrown [t:/workspace/open/src/hotspot/share/interpreter/linkResolver.cpp, line 767]

Events (20 events):
Event: 0.286 loading class com/sun/tools/javac/code/Symbol$ModuleSymbol
Event: 0.286 loading class com/sun/tools/javac/code/Symbol$ModuleSymbol done
Event: 0.286 loading class com/sun/tools/javac/code/Symbol$ModuleSymbol
Event: 0.286 loading class com/sun/tools/javac/code/Symbol$ModuleSymbol done
Event: 0.292 loading class com/sun/tools/javac/util/Filter
Event: 0.292 loading class com/sun/tools/javac/util/Filter done
Event: 0.292 loading class com/sun/tools/javac/code/Symbol
Event: 0.292 loading class com/sun/tools/javac/code/Symbol done
Event: 0.292 loading class com/sun/tools/javac/code/Symbol
Event: 0.292 loading class com/sun/tools/javac/code/Symbol done
Event: 0.295 Executing VM operation: CollectForMetadataAllocation
Event: 0.295 Executing VM operation: CollectForMetadataAllocation done
Event: 0.299 Executing VM operation: CollectForMetadataAllocation
Event: 0.299 Executing VM operation: CollectForMetadataAllocation done
Event: 0.302 loading class com/sun/tools/javac/comp/Resolve$RecoveryLoadClass
Event: 0.302 loading class com/sun/tools/javac/comp/Resolve$RecoveryLoadClass done
Event: 0.302 loading class com/sun/tools/javac/comp/Env
Event: 0.302 loading class com/sun/tools/javac/comp/Env done
Event: 0.302 loading class com/sun/tools/javac/comp/Env
Event: 0.302 loading class com/sun/tools/javac/comp/Env done


Dynamic libraries:
0x00007ff7342b0000 - 0x00007ff7342b7000 	C:\Program Files\Java\jdk-13\bin\javac.exe
0x00007ffc64080000 - 0x00007ffc64270000 	C:\Windows\SYSTEM32\ntdll.dll
0x00007ffc63b70000 - 0x00007ffc63c22000 	C:\Windows\System32\KERNEL32.DLL
0x00007ffc61d30000 - 0x00007ffc61fd5000 	C:\Windows\System32\KERNELBASE.dll
0x00007ffc61420000 - 0x00007ffc6151a000 	C:\Windows\System32\ucrtbase.dll
0x00007ffc53070000 - 0x00007ffc53088000 	C:\Program Files\Java\jdk-13\bin\jli.dll
0x00007ffc55af0000 - 0x00007ffc55b05000 	C:\Program Files\Java\jdk-13\bin\VCRUNTIME140.dll
0x00007ffc62130000 - 0x00007ffc621d3000 	C:\Windows\System32\ADVAPI32.dll
0x00007ffc62d80000 - 0x00007ffc62e1e000 	C:\Windows\System32\msvcrt.dll
0x00007ffc63930000 - 0x00007ffc639c7000 	C:\Windows\System32\sechost.dll
0x00007ffc621e0000 - 0x00007ffc62300000 	C:\Windows\System32\RPCRT4.dll
0x00007ffc639d0000 - 0x00007ffc63b64000 	C:\Windows\System32\USER32.dll
0x00007ffc611a0000 - 0x00007ffc611c1000 	C:\Windows\System32\win32u.dll
0x00007ffc4c4e0000 - 0x00007ffc4c764000 	C:\Windows\WinSxS\amd64_microsoft.windows.common-controls_6595b64144ccf1df_6.0.18362.1198_none_9e820b57e45ad92f\COMCTL32.dll
0x00007ffc63c30000 - 0x00007ffc63c56000 	C:\Windows\System32\GDI32.dll
0x00007ffc63d00000 - 0x00007ffc64035000 	C:\Windows\System32\combase.dll
0x00007ffc61000000 - 0x00007ffc61196000 	C:\Windows\System32\gdi32full.dll
0x00007ffc61fe0000 - 0x00007ffc6207e000 	C:\Windows\System32\msvcp_win.dll
0x00007ffc61520000 - 0x00007ffc615a0000 	C:\Windows\System32\bcryptPrimitives.dll
0x00007ffc5a120000 - 0x00007ffc5a12a000 	C:\Windows\SYSTEM32\VERSION.dll
0x00007ffc62c40000 - 0x00007ffc62c6e000 	C:\Windows\System32\IMM32.DLL
0x00007ffc512e0000 - 0x00007ffc5137b000 	C:\Program Files\Java\jdk-13\bin\msvcp140.dll
0x00007ffc03720000 - 0x00007ffc04286000 	C:\Program Files\Java\jdk-13\bin\server\jvm.dll
0x00007ffc62e20000 - 0x00007ffc62e28000 	C:\Windows\System32\PSAPI.DLL
0x00007ffc5efd0000 - 0x00007ffc5eff4000 	C:\Windows\SYSTEM32\WINMM.dll
0x00007ffc4d260000 - 0x00007ffc4d269000 	C:\Windows\SYSTEM32\WSOCK32.dll
0x00007ffc63c90000 - 0x00007ffc63cff000 	C:\Windows\System32\WS2_32.dll
0x00007ffc5ef70000 - 0x00007ffc5ef9d000 	C:\Windows\SYSTEM32\winmmbase.dll
0x00007ffc611d0000 - 0x00007ffc6121a000 	C:\Windows\System32\cfgmgr32.dll
0x00007ffc60f40000 - 0x00007ffc60f51000 	C:\Windows\System32\kernel.appcore.dll
0x00007ffc59e50000 - 0x00007ffc59e60000 	C:\Program Files\Java\jdk-13\bin\verify.dll
0x00007ffc5c4d0000 - 0x00007ffc5c6c4000 	C:\Windows\SYSTEM32\DBGHELP.DLL
0x00007ffc5ae00000 - 0x00007ffc5ae2a000 	C:\Windows\SYSTEM32\dbgcore.DLL
0x00007ffc53420000 - 0x00007ffc53446000 	C:\Program Files\Java\jdk-13\bin\java.dll
0x00007ffc52d20000 - 0x00007ffc52d37000 	C:\Program Files\Java\jdk-13\bin\zip.dll
0x00007ffc59a60000 - 0x00007ffc59a6a000 	C:\Program Files\Java\jdk-13\bin\jimage.dll
0x00007ffc62e30000 - 0x00007ffc63517000 	C:\Windows\System32\SHELL32.dll
0x00007ffc62980000 - 0x00007ffc62a29000 	C:\Windows\System32\shcore.dll
0x00007ffc615a0000 - 0x00007ffc61d21000 	C:\Windows\System32\windows.storage.dll
0x00007ffc60f80000 - 0x00007ffc60fa3000 	C:\Windows\System32\profapi.dll
0x00007ffc60fb0000 - 0x00007ffc60ffa000 	C:\Windows\System32\powrprof.dll
0x00007ffc60f30000 - 0x00007ffc60f40000 	C:\Windows\System32\UMPDC.dll
0x00007ffc63590000 - 0x00007ffc635e2000 	C:\Windows\System32\shlwapi.dll
0x00007ffc613a0000 - 0x00007ffc613b7000 	C:\Windows\System32\cryptsp.dll
0x00007ffc52d00000 - 0x00007ffc52d19000 	C:\Program Files\Java\jdk-13\bin\net.dll
0x00007ffc51bc0000 - 0x00007ffc51d96000 	C:\Windows\SYSTEM32\urlmon.dll
0x00007ffc5a1a0000 - 0x00007ffc5a290000 	C:\Windows\SYSTEM32\WINHTTP.dll
0x00007ffc522a0000 - 0x00007ffc52547000 	C:\Windows\SYSTEM32\iertutil.dll
0x00007ffc60950000 - 0x00007ffc6095c000 	C:\Windows\SYSTEM32\CRYPTBASE.DLL
0x00007ffc60780000 - 0x00007ffc607e7000 	C:\Windows\system32\mswsock.dll
0x00007ffc51f70000 - 0x00007ffc51f83000 	C:\Program Files\Java\jdk-13\bin\nio.dll

dbghelp: loaded successfully - version: 4.0.5 - missing functions: none
symbol engine: initialized successfully - sym options: 0x614 - pdb path: .;C:\Program Files\Java\jdk-13\bin;C:\Windows\SYSTEM32;C:\Windows\WinSxS\amd64_microsoft.windows.common-controls_6595b64144ccf1df_6.0.18362.1198_none_9e820b57e45ad92f;C:\Program Files\Java\jdk-13\bin\server

VM Arguments:
jvm_args: -Denv.class.path=. -Dapplication.home=C:\Program Files\Java\jdk-13 --add-modules=ALL-DEFAULT -Xms8m -Djdk.module.main=jdk.compiler 
java_command: jdk.compiler/com.sun.tools.javac.Main -d C:\Users\Eva\Desktop\Ciclo\2_DAM\Acceso_datos\Tema2\EmpresaDepartamentos\build\classes -classpath C:\Users\Eva\Desktop\Ciclo\2_DAM\Acceso_datos\Tema2\EmpresaDepartamentos\build\classes;C:\Users\Eva\Desktop\Ciclo\Ejecutables\mysql-connector-java-8.0.22\mysql-connector-java-8.0.22\mysql-connector-java-8.0.22.jar -sourcepath C:\Users\Eva\Desktop\Ciclo\2_DAM\Acceso_datos\Tema2\EmpresaDepartamentos\src -target 13 -encoding UTF-8 -g -processorpath C:\Users\Eva\Desktop\Ciclo\Ejecutables\mysql-connector-java-8.0.22\mysql-connector-java-8.0.22\mysql-connector-java-8.0.22.jar;C:\Users\Eva\Desktop\Ciclo\2_DAM\Acceso_datos\Tema2\EmpresaDepartamentos\build\empty -s C:\Users\Eva\Desktop\Ciclo\2_DAM\Acceso_datos\Tema2\EmpresaDepartamentos\build\generated-sources\ap-source-output -source 13 C:\Users\Eva\Desktop\Ciclo\2_DAM\Acceso_datos\Tema2\EmpresaDepartamentos\src\principal\Principal.java
java_class_path (initial): <not set>
Launcher Type: SUN_STANDARD

[Global flags]
     intx CICompilerCount                          = 4                                         {product} {ergonomic}
     uint ConcGCThreads                            = 2                                         {product} {ergonomic}
     uint G1ConcRefinementThreads                  = 8                                         {product} {ergonomic}
   size_t G1HeapRegionSize                         = 1048576                                   {product} {ergonomic}
    uintx GCDrainStackTargetSize                   = 64                                        {product} {ergonomic}
   size_t InitialHeapSize                          = 8388608                                   {product} {command line}
   size_t MarkStackSize                            = 4194304                                   {product} {ergonomic}
   size_t MaxHeapSize                              = 6442450944                                {product} {ergonomic}
   size_t MaxNewSize                               = 3865051136                                {product} {ergonomic}
   size_t MinHeapDeltaBytes                        = 1048576                                   {product} {ergonomic}
   size_t MinHeapSize                              = 8388608                                   {product} {command line}
    uintx NonNMethodCodeHeapSize                   = 5836300                                {pd product} {ergonomic}
    uintx NonProfiledCodeHeapSize                  = 122910970                              {pd product} {ergonomic}
    uintx ProfiledCodeHeapSize                     = 122910970                              {pd product} {ergonomic}
    uintx ReservedCodeCacheSize                    = 251658240                              {pd product} {ergonomic}
     bool SegmentedCodeCache                       = true                                      {product} {ergonomic}
   size_t SoftMaxHeapSize                          = 6442450944                             {manageable} {ergonomic}
     bool UseCompressedClassPointers               = true                                 {lp64_product} {ergonomic}
     bool UseCompressedOops                        = true                                 {lp64_product} {ergonomic}
     bool UseG1GC                                  = true                                      {product} {ergonomic}
     bool UseLargePagesIndividualAllocation        = false                                  {pd product} {ergonomic}

Logging:
Log output configuration:
 #0: stdout all=warning uptime,level,tags
 #1: stderr all=off uptime,level,tags

Environment Variables:
CLASSPATH=.
PATH=C:\Program Files (x86)\Common Files\Oracle\Java\javapath;C:\Program Files\Java\jdk-14.0.1\bin;E:\Oracle\app\oracle\product\11.2.0\server\bin;C:\Windows\system32;C:\Windows;C:\Windows\System32\Wbem;C:\Windows\System32\WindowsPowerShell\v1.0\;C:\Windows\System32\OpenSSH\;C:\xampp\php;C:\ProgramData\ComposerSetup\bin;C:\Program Files\Git\cmd;C:\Program Files\MySQL\MySQL Shell 8.0\bin\;C:\Users\Eva\AppData\Local\Microsoft\WindowsApps;;C:\Users\Eva\AppData\Local\Programs\Microsoft VS Code\bin;C:\Program Files\JetBrains\IntelliJ IDEA Community Edition 2020.1\bin;;C:\Users\Eva\AppData\Roaming\Composer\vendor\bin;C:\Program Files\JetBrains\PyCharm 2020.2.1\bin;;C:\Program Files\JetBrains\IntelliJ IDEA 2020.2.1\bin;
USERNAME=Eva
OS=Windows_NT
PROCESSOR_IDENTIFIER=AMD64 Family 21 Model 2 Stepping 0, AuthenticAMD



---------------  S Y S T E M  ---------------

OS: Windows 10 , 64 bit Build 18362 (10.0.18362.1110)

CPU:total 8 (initial active 8) (8 cores per cpu, 1 threads per core) family 21 model 2 stepping 0, cmov, cx8, fxsr, mmx, sse, sse2, sse3, ssse3, sse4.1, sse4.2, popcnt, avx, aes, clmul, mmxext, 3dnowpref, lzcnt, sse4a, tsc, tscinvbit, tscinv, bmi1, fma

Memory: 4k page, system-wide physical 24573M (14746M free)
TotalPageFile size 43323M (AvailPageFile size 5M)
current process WorkingSet (physical memory assigned to process): 47M, peak: 47M
current process commit charge ("private bytes"): 97M, peak: 97M

vm_info: Java HotSpot(TM) 64-Bit Server VM (13+33) for windows-amd64 JRE (13+33), built on Sep 18 2019 21:38:00 by "mach5one" with unknown MS VC++:1916

END.
